<?xml version="1.0" encoding="UTF-8"?>
<!-- Generated by org.testng.reporters.JUnitReportReporter -->
<testsuite hostname="DESKTOP-NNRVDRO" failures="0" tests="2" name="TestRunner.RunnerTestClass" time="113.411" errors="0" timestamp="2024-01-13T15:11:04 IST" skipped="0">
  <testcase classname="TestRunner.RunnerTestClass" name="runScenario" time="70.573"/>
  <system-out/>
  <testcase classname="TestRunner.RunnerTestClass" name="runScenario" time="42.838"/>
  <system-out/>
</testsuite> <!-- TestRunner.RunnerTestClass -->
