<?xml version="1.0" encoding="UTF-8"?>
<!-- Generated by org.testng.reporters.JUnitReportReporter -->
<testsuite hostname="DESKTOP-NNRVDRO" failures="0" tests="2" name="TestRunner.RunnerTestClass" time="142.435" errors="0" timestamp="2024-01-13T20:15:13 IST" skipped="0">
  <testcase classname="TestRunner.RunnerTestClass" name="runScenario" time="68.552"/>
  <system-out/>
  <testcase classname="TestRunner.RunnerTestClass" name="runScenario" time="73.883"/>
  <system-out/>
</testsuite> <!-- TestRunner.RunnerTestClass -->
