<?xml version="1.0" encoding="UTF-8"?>
<!-- Generated by org.testng.reporters.JUnitReportReporter -->
<testsuite hostname="DESKTOP-NNRVDRO" failures="0" tests="7" name="TestRunner.RunnerClass" time="57.922" errors="0" timestamp="2024-01-05T22:47:57 IST" skipped="0">
  <testcase classname="TestRunner.RunnerClass" name="runScenario" time="56.100"/>
  <system-out/>
  <testcase classname="TestRunner.RunnerClass" name="runScenario" time="0.332"/>
  <system-out/>
  <testcase classname="TestRunner.RunnerClass" name="runScenario" time="0.217"/>
  <system-out/>
  <testcase classname="TestRunner.RunnerClass" name="runScenario" time="0.424"/>
  <system-out/>
  <testcase classname="TestRunner.RunnerClass" name="runScenario" time="0.254"/>
  <system-out/>
  <testcase classname="TestRunner.RunnerClass" name="runScenario" time="0.336"/>
  <system-out/>
  <testcase classname="TestRunner.RunnerClass" name="runScenario" time="0.259"/>
  <system-out/>
</testsuite> <!-- TestRunner.RunnerClass -->
