<?xml version="1.0" encoding="UTF-8"?>
<!-- Generated by org.testng.reporters.JUnitReportReporter -->
<testsuite hostname="DESKTOP-NNRVDRO" failures="0" tests="2" name="CollectionPractice.Demo6" time="54.345" errors="0" timestamp="2023-12-09T08:22:51 IST" skipped="0">
  <testcase classname="CollectionPractice.Demo6" name="registerFunctinality" time="1.937"/>
  <system-out/>
  <testcase classname="CollectionPractice.Demo6" name="main" time="52.408"/>
  <system-out/>
</testsuite> <!-- CollectionPractice.Demo6 -->
