<?xml version="1.0" encoding="UTF-8"?>
<!-- Generated by org.testng.reporters.JUnitReportReporter -->
<testsuite hostname="DESKTOP-NNRVDRO" failures="0" tests="4" name="TestRunner.RunnerTestClass2" time="152.425" errors="0" timestamp="2024-01-11T20:19:30 IST" skipped="0">
  <testcase classname="TestRunner.RunnerTestClass2" name="runScenario" time="85.600"/>
  <testcase classname="TestRunner.RunnerTestClass2" name="runScenario" time="3.923"/>
  <testcase classname="TestRunner.RunnerTestClass2" name="runScenario" time="15.787"/>
  <testcase classname="TestRunner.RunnerTestClass2" name="runScenario" time="47.115"/>
</testsuite> <!-- TestRunner.RunnerTestClass2 -->
