<?xml version="1.0" encoding="UTF-8"?>
<!-- Generated by org.testng.reporters.JUnitReportReporter -->
<testsuite hostname="DESKTOP-NNRVDRO" failures="0" tests="3" name="testRunner.FacebookRunnerClass" time="101.732" errors="0" timestamp="2024-01-12T11:30:58 IST" skipped="0">
  <testcase classname="testRunner.FacebookRunnerClass" name="runScenario" time="33.133"/>
  <system-out/>
  <testcase classname="testRunner.FacebookRunnerClass" name="runScenario" time="37.233"/>
  <system-out/>
  <testcase classname="testRunner.FacebookRunnerClass" name="runScenario" time="31.366"/>
  <system-out/>
</testsuite> <!-- testRunner.FacebookRunnerClass -->
