<?xml version="1.0" encoding="UTF-8"?>
<!-- Generated by org.testng.reporters.JUnitReportReporter -->
<testsuite hostname="DESKTOP-NNRVDRO" failures="0" tests="3" name="testRunner.FacebookRunnerClass" time="56.292" errors="0" timestamp="2024-01-07T11:03:07 IST" skipped="0">
  <testcase classname="testRunner.FacebookRunnerClass" name="runScenario" time="18.325"/>
  <system-out/>
  <testcase classname="testRunner.FacebookRunnerClass" name="runScenario" time="19.207"/>
  <system-out/>
  <testcase classname="testRunner.FacebookRunnerClass" name="runScenario" time="18.760"/>
  <system-out/>
</testsuite> <!-- testRunner.FacebookRunnerClass -->
