<?xml version="1.0" encoding="UTF-8"?>
<!-- Generated by org.testng.reporters.JUnitReportReporter -->
<testsuite hostname="DESKTOP-NNRVDRO" failures="0" tests="2" name="TestRunner.RunnerTestClass" time="101.411" errors="0" timestamp="2024-01-13T16:59:04 IST" skipped="0">
  <testcase classname="TestRunner.RunnerTestClass" name="runScenario" time="50.127"/>
  <system-out/>
  <testcase classname="TestRunner.RunnerTestClass" name="runScenario" time="51.284"/>
  <system-out/>
</testsuite> <!-- TestRunner.RunnerTestClass -->
