<?xml version="1.0" encoding="UTF-8"?>
<!-- Generated by org.testng.reporters.JUnitReportReporter -->
<testsuite hostname="DESKTOP-NNRVDRO" failures="0" tests="4" name="TestRunner.RunnerTestClass2" time="119.195" errors="0" timestamp="2024-01-12T16:25:29 IST" skipped="0">
  <testcase classname="TestRunner.RunnerTestClass2" name="runScenario" time="11.770"/>
  <system-out/>
  <testcase classname="TestRunner.RunnerTestClass2" name="runScenario" time="32.667"/>
  <system-out/>
  <testcase classname="TestRunner.RunnerTestClass2" name="runScenario" time="3.418"/>
  <system-out/>
  <testcase classname="TestRunner.RunnerTestClass2" name="runScenario" time="71.340"/>
  <system-out/>
</testsuite> <!-- TestRunner.RunnerTestClass2 -->
