<?xml version="1.0" encoding="UTF-8"?>
<!-- Generated by org.testng.reporters.JUnitReportReporter -->
<testsuite hostname="DESKTOP-NNRVDRO" failures="0" tests="4" name="TestRunner.RunnerTestClass2" time="129.697" errors="0" timestamp="2024-01-19T23:13:11 IST" skipped="0">
  <testcase classname="TestRunner.RunnerTestClass2" name="runScenario" time="2.685"/>
  <system-out/>
  <testcase classname="TestRunner.RunnerTestClass2" name="runScenario" time="68.466"/>
  <system-out/>
  <testcase classname="TestRunner.RunnerTestClass2" name="runScenario" time="47.984"/>
  <system-out/>
  <testcase classname="TestRunner.RunnerTestClass2" name="runScenario" time="10.562"/>
  <system-out/>
</testsuite> <!-- TestRunner.RunnerTestClass2 -->
